[debug] [2025-09-08T05:11:32.367Z] ----------------------------------------------------------------------
[debug] [2025-09-08T05:11:32.370Z] Command:       C:\Program Files\nodejs\node.exe C:\Users\Harsh\AppData\Roaming\npm\node_modules\firebase-tools\lib\bin\firebase.js deploy --only hosting
[debug] [2025-09-08T05:11:32.370Z] CLI Version:   14.15.2
[debug] [2025-09-08T05:11:32.370Z] Platform:      win32
[debug] [2025-09-08T05:11:32.370Z] Node Version:  v22.19.0
[debug] [2025-09-08T05:11:32.370Z] Time:          Mon Sep 08 2025 10:41:32 GMT+0530 (India Standard Time)
[debug] [2025-09-08T05:11:32.370Z] ----------------------------------------------------------------------
[debug] 
[debug] [2025-09-08T05:11:32.513Z] > command requires scopes: ["email","openid","https://www.googleapis.com/auth/cloudplatformprojects.readonly","https://www.googleapis.com/auth/firebase","https://www.googleapis.com/auth/cloud-platform"]
[debug] [2025-09-08T05:11:32.513Z] > authorizing via signed-in user (harshbhasinn@gmail.com)
[debug] [2025-09-08T05:11:32.513Z] [iam] checking project drishti-9911 for permissions ["firebase.projects.get","firebasehosting.sites.update"]
[debug] [2025-09-08T05:11:32.514Z] Checked if tokens are valid: true, expires at: 1757311547175
[debug] [2025-09-08T05:11:32.514Z] Checked if tokens are valid: true, expires at: 1757311547175
[debug] [2025-09-08T05:11:32.515Z] >>> [apiv2][query] POST https://cloudresourcemanager.googleapis.com/v1/projects/drishti-9911:testIamPermissions [none]
[debug] [2025-09-08T05:11:32.515Z] >>> [apiv2][(partial)header] POST https://cloudresourcemanager.googleapis.com/v1/projects/drishti-9911:testIamPermissions x-goog-quota-user=projects/drishti-9911
[debug] [2025-09-08T05:11:32.515Z] >>> [apiv2][body] POST https://cloudresourcemanager.googleapis.com/v1/projects/drishti-9911:testIamPermissions {"permissions":["firebase.projects.get","firebasehosting.sites.update"]}
[debug] [2025-09-08T05:11:34.074Z] <<< [apiv2][status] POST https://cloudresourcemanager.googleapis.com/v1/projects/drishti-9911:testIamPermissions 200
[debug] [2025-09-08T05:11:34.074Z] <<< [apiv2][body] POST https://cloudresourcemanager.googleapis.com/v1/projects/drishti-9911:testIamPermissions {"permissions":["firebase.projects.get","firebasehosting.sites.update"]}
[debug] [2025-09-08T05:11:34.074Z] Checked if tokens are valid: true, expires at: 1757311547175
[debug] [2025-09-08T05:11:34.074Z] Checked if tokens are valid: true, expires at: 1757311547175
[debug] [2025-09-08T05:11:34.075Z] >>> [apiv2][query] GET https://firebase.googleapis.com/v1beta1/projects/drishti-9911 [none]
